<?xml version="1.0" encoding="UTF-8"?>
<!-- Generated by org.testng.reporters.JUnitReportReporter -->
<testsuite skipped="0" hostname="RCB3" name="asos.test.searchCareerTest" tests="1" failures="0" timestamp="08 אפר 2018 15:21:36 GMT" time="12.089" errors="0">
  <testcase name="searchCareer" time="12.089" classname="asos.test.searchCareerTest"/>
</testsuite> <!-- asos.test.searchCareerTest -->
