<?xml version="1.0" encoding="UTF-8"?>
<!-- Generated by org.testng.reporters.JUnitReportReporter -->
<testsuite skipped="0" hostname="DESKTOP-O0BJP4P" name="asos.test.ContactTest" tests="1" failures="0" timestamp="25 Mar 2018 17:08:55 GMT" time="19.558" errors="0">
  <testcase name="Succecfully" time="19.558" classname="asos.test.ContactTest"/>
</testsuite> <!-- asos.test.ContactTest -->
