<?xml version="1.0" encoding="UTF-8"?>
<!-- Generated by org.testng.reporters.JUnitReportReporter -->
<testsuite skipped="0" hostname="DESKTOP-O0BJP4P" name="asos.test.SignOutTest" tests="1" failures="0" timestamp="27 Mar 2018 16:59:16 GMT" time="37.383" errors="0">
  <testcase name="HappyFlow" time="37.383" classname="asos.test.SignOutTest"/>
</testsuite> <!-- asos.test.SignOutTest -->
