<?xml version="1.0" encoding="UTF-8"?>
<!-- Generated by org.testng.reporters.JUnitReportReporter -->
<testsuite skipped="0" hostname="DESKTOP-O0BJP4P" name="asos.test.chooseCountryTest" tests="1" failures="0" timestamp="25 Mar 2018 17:18:33 GMT" time="26.222" errors="0">
  <testcase name="ChooseCountryCurrency" time="26.222" classname="asos.test.chooseCountryTest"/>
</testsuite> <!-- asos.test.chooseCountryTest -->
