<?xml version="1.0" encoding="UTF-8"?>
<!-- Generated by org.testng.reporters.JUnitReportReporter -->
<testsuite skipped="0" hostname="DESKTOP-O0BJP4P" name="asos.test.chooseCuntryTest" tests="1" failures="0" timestamp="18 Mar 2018 15:13:45 GMT" time="13.056" errors="0">
  <testcase name="ChooseCountryCurrency" time="13.056" classname="asos.test.chooseCuntryTest"/>
</testsuite> <!-- asos.test.chooseCuntryTest -->
