<?xml version="1.0" encoding="UTF-8"?>
<!-- Generated by org.testng.reporters.JUnitReportReporter -->
<testsuite skipped="4" hostname="RCB3" name="asos.test.SearchTest" tests="5" failures="0" timestamp="08 אפר 2018 15:27:21 GMT" time="44.225" errors="0">
  <testcase name="AdvancedSearchNoResults" time="44.225" classname="asos.test.SearchTest"/>
  <testcase name="searchItemAndLike" classname="asos.test.SearchTest">
    <skipped/>
  </testcase> <!-- searchItemAndLike -->
  <testcase name="BadSearch" classname="asos.test.SearchTest">
    <skipped/>
  </testcase> <!-- BadSearch -->
  <testcase name="AdvancedSearch" classname="asos.test.SearchTest">
    <skipped/>
  </testcase> <!-- AdvancedSearch -->
  <testcase name="HappyFlow" classname="asos.test.SearchTest">
    <skipped/>
  </testcase> <!-- HappyFlow -->
</testsuite> <!-- asos.test.SearchTest -->
