<?xml version="1.0" encoding="UTF-8"?>
<!-- Generated by org.testng.reporters.JUnitReportReporter -->
<testsuite skipped="0" hostname="DESKTOP-O0BJP4P" name="asos.test.SignUpTest" tests="4" failures="0" timestamp="25 Mar 2018 16:57:45 GMT" time="73.135" errors="0">
  <testcase name="BadPassword_NoNumbers" time="17.292" classname="asos.test.SignUpTest"/>
  <testcase name="BadPassword_FirstNameEmpty" time="17.264" classname="asos.test.SignUpTest"/>
  <testcase name="BadPassword_LessThan6Letters" time="17.101" classname="asos.test.SignUpTest"/>
  <testcase name="HappyFlow" time="21.478" classname="asos.test.SignUpTest"/>
</testsuite> <!-- asos.test.SignUpTest -->
